Determining if the pthread_create exist failed with the following output:
Change Dir: /home/shinhra/cours/monde3d/build/CMakeFiles/CMakeTmp

Run Build Command:"/usr/bin/make" "cmTryCompileExec2005335978/fast"
/usr/bin/make -f CMakeFiles/cmTryCompileExec2005335978.dir/build.make CMakeFiles/cmTryCompileExec2005335978.dir/build
make[1]: Entering directory '/home/shinhra/cours/monde3d/build/CMakeFiles/CMakeTmp'
/usr/bin/cmake -E cmake_progress_report /home/shinhra/cours/monde3d/build/CMakeFiles/CMakeTmp/CMakeFiles 1
Building C object CMakeFiles/cmTryCompileExec2005335978.dir/CheckSymbolExists.c.o
/usr/bin/cc    -o CMakeFiles/cmTryCompileExec2005335978.dir/CheckSymbolExists.c.o   -c /home/shinhra/cours/monde3d/build/CMakeFiles/CMakeTmp/CheckSymbolExists.c
Linking C executable cmTryCompileExec2005335978
/usr/bin/cmake -E cmake_link_script CMakeFiles/cmTryCompileExec2005335978.dir/link.txt --verbose=1
/usr/bin/cc       CMakeFiles/cmTryCompileExec2005335978.dir/CheckSymbolExists.c.o  -o cmTryCompileExec2005335978 -rdynamic 
CMakeFiles/cmTryCompileExec2005335978.dir/CheckSymbolExists.c.o: dans la fonction « main »:
CheckSymbolExists.c:(.text+0x16): référence indéfinie vers « pthread_create »
collect2: error: ld returned 1 exit status
CMakeFiles/cmTryCompileExec2005335978.dir/build.make:88: recipe for target 'cmTryCompileExec2005335978' failed
make[1]: Leaving directory '/home/shinhra/cours/monde3d/build/CMakeFiles/CMakeTmp'
make[1]: *** [cmTryCompileExec2005335978] Error 1
Makefile:117: recipe for target 'cmTryCompileExec2005335978/fast' failed
make: *** [cmTryCompileExec2005335978/fast] Error 2

File /home/shinhra/cours/monde3d/build/CMakeFiles/CMakeTmp/CheckSymbolExists.c:
/* */
#include <pthread.h>

int main(int argc, char** argv)
{
  (void)argv;
#ifndef pthread_create
  return ((int*)(&pthread_create))[argc];
#else
  (void)argc;
  return 0;
#endif
}

Determining if the function pthread_create exists in the pthreads failed with the following output:
Change Dir: /home/shinhra/cours/monde3d/build/CMakeFiles/CMakeTmp

Run Build Command:"/usr/bin/make" "cmTryCompileExec1654113080/fast"
/usr/bin/make -f CMakeFiles/cmTryCompileExec1654113080.dir/build.make CMakeFiles/cmTryCompileExec1654113080.dir/build
make[1]: Entering directory '/home/shinhra/cours/monde3d/build/CMakeFiles/CMakeTmp'
/usr/bin/cmake -E cmake_progress_report /home/shinhra/cours/monde3d/build/CMakeFiles/CMakeTmp/CMakeFiles 1
Building C object CMakeFiles/cmTryCompileExec1654113080.dir/CheckFunctionExists.c.o
/usr/bin/cc   -DCHECK_FUNCTION_EXISTS=pthread_create   -o CMakeFiles/cmTryCompileExec1654113080.dir/CheckFunctionExists.c.o   -c /usr/share/cmake-3.2/Modules/CheckFunctionExists.c
Linking C executable cmTryCompileExec1654113080
/usr/bin/cmake -E cmake_link_script CMakeFiles/cmTryCompileExec1654113080.dir/link.txt --verbose=1
/usr/bin/cc   -DCHECK_FUNCTION_EXISTS=pthread_create    CMakeFiles/cmTryCompileExec1654113080.dir/CheckFunctionExists.c.o  -o cmTryCompileExec1654113080 -rdynamic -lpthreads 
/usr/bin/ld: ne peut trouver -lpthreads
collect2: error: ld returned 1 exit status
CMakeFiles/cmTryCompileExec1654113080.dir/build.make:88: recipe for target 'cmTryCompileExec1654113080' failed
make[1]: Leaving directory '/home/shinhra/cours/monde3d/build/CMakeFiles/CMakeTmp'
make[1]: *** [cmTryCompileExec1654113080] Error 1
Makefile:117: recipe for target 'cmTryCompileExec1654113080/fast' failed
make: *** [cmTryCompileExec1654113080/fast] Error 2


